2017-04-12 13:43:01,162 - os.name - Linux
2017-04-12 13:43:01,163 - os.arch - amd64
2017-04-12 13:43:01,163 - os.version - 3.16.0-4-amd64
2017-04-12 13:43:01,163 - java.version - 1.8.0_111
2017-04-12 13:43:01,163 - java.vendor - Oracle Corporation
2017-04-12 13:43:01,163 - java.vendor.url - http://java.oracle.com/
2017-04-12 13:43:01,163 - java.home - /usr/lib/jvm/java-8-openjdk-amd64/jre
2017-04-12 13:43:01,163 - java.vm.specification.name - Java Virtual Machine Specification
2017-04-12 13:43:01,163 - java.vm.specification.vendor - Oracle Corporation
2017-04-12 13:43:01,163 - java.vm.specification.version - 1.8
2017-04-12 13:43:01,163 - java.class.path - /ark/linux64/eclipse64/eclipse-neon//plugins/org.eclipse.equinox.launcher_1.3.201.v20161025-1711.jar
2017-04-12 13:43:01,163 - java.library.path - /usr/java/packages/lib/amd64:/usr/lib/x86_64-linux-gnu/jni:/lib/x86_64-linux-gnu:/usr/lib/x86_64-linux-gnu:/usr/lib/jni:/lib:/usr/lib
2017-04-12 13:43:01,163 - --------------------------------------
2017-04-12 13:43:01,163 - ## Eclipse Plug-ins Log Information ##
2017-04-12 13:43:01,163 - --------------------------------------
2017-04-12 13:43:01,173 - javax.el - 2.2.0.v201303151357
2017-04-12 13:43:01,174 - javax.servlet - 3.1.0.v201410161800
2017-04-12 13:43:01,175 - javax.servlet.jsp - 2.2.0.v201112011158
2017-04-12 13:43:01,176 - com.sun.el - 2.2.0.v201303151357
2017-04-12 13:43:01,176 - org.apache.commons.logging - 1.1.1.v201101211721
2017-04-12 13:43:01,177 - org.apache.jasper.glassfish - 2.2.2.v201501141630
2017-04-12 13:43:01,178 - org.apache.lucene.analysis - 3.5.0.v20120725-1805
2017-04-12 13:43:01,180 - org.apache.lucene.core - 3.5.0.v20120725-1805
2017-04-12 13:43:01,181 - org.eclipse.equinox.http.jetty - 3.3.0.v20160324-1850
2017-04-12 13:43:01,182 - org.eclipse.equinox.http.registry - 1.1.400.v20150715-1528
2017-04-12 13:43:01,182 - org.eclipse.equinox.http.servlet - 1.3.1.v20160808-1329
2017-04-12 13:43:01,183 - org.eclipse.equinox.jsp.jasper - 1.0.500.v20150119-1358
2017-04-12 13:43:01,184 - org.eclipse.equinox.jsp.jasper.registry - 1.0.300.v20130327-1442
2017-04-12 13:43:01,184 - org.eclipse.help.base - 4.1.1.v20161124-1400
2017-04-12 13:43:01,184 - org.eclipse.help.ui - 4.0.200.v20160510-0758
2017-04-12 13:43:01,185 - org.eclipse.help.webapp - 3.8.0.v20160504-0839
2017-04-12 13:43:01,186 - org.eclipse.jetty.continuation - 9.3.9.v20160517
2017-04-12 13:43:01,187 - org.eclipse.jetty.http - 9.3.9.v20160517
2017-04-12 13:43:01,187 - org.eclipse.jetty.io - 9.3.9.v20160517
2017-04-12 13:43:01,188 - org.eclipse.jetty.security - 9.3.9.v20160517
2017-04-12 13:43:01,190 - org.eclipse.jetty.server - 9.3.9.v20160517
2017-04-12 13:43:01,190 - org.eclipse.jetty.servlet - 9.3.9.v20160517
2017-04-12 13:43:01,192 - org.eclipse.jetty.util - 9.3.9.v20160517
2017-04-12 13:43:01,192 - org.eclipse.core.net - 1.3.0.v20160418-1534
2017-04-12 13:43:01,192 - org.eclipse.equinox.security - 1.2.200.v20150715-1528
2017-04-12 13:43:01,195 - org.eclipse.mylyn.bugzilla.core - 3.21.0.v20160909-1813
2017-04-12 13:43:01,196 - org.eclipse.mylyn.bugzilla.ui - 3.21.0.v20160909-1813
2017-04-12 13:43:01,198 - org.eclipse.andmore.hierarchyviewer - 0.5.0.201605181018
2017-04-12 13:43:01,201 - org.eclipse.sequoyah.device.backward - 2.1.0.N20120718-0509
2017-04-12 13:43:01,201 - org.eclipse.sequoyah.device.framework - 2.1.0.N20120718-0509
2017-04-12 13:43:01,201 - org.eclipse.sequoyah.device.framework.ui - 2.1.0.N20120718-0509
2017-04-12 13:43:01,202 - org.eclipse.sequoyah.device.service.start - 2.1.0.N20120718-0509
2017-04-12 13:43:01,202 - org.eclipse.sequoyah.device.service.stop - 2.1.0.N20120718-0509
2017-04-12 13:43:01,203 - org.eclipse.sequoyah.device.framework.wizard - 2.1.0.N20120718-0509
2017-04-12 13:43:01,206 - org.eclipse.buildship.core - 1.0.21.v20161010-1640
2017-04-12 13:43:01,207 - org.eclipse.buildship.ui - 1.0.21.v20161010-1640
2017-04-12 13:43:01,207 - org.eclipse.buildship.branding - 1.0.21.v20161010-1640
2017-04-12 13:43:01,207 - org.eclipse.buildship.stsmigration - 1.0.21.v20161010-1640
2017-04-12 13:43:01,209 - org.eclipse.mylyn.tasks.core - 3.21.0.v20160914-0252
2017-04-12 13:43:01,210 - org.eclipse.mylyn.tasks.index.core - 3.21.0.v20160630-2019
2017-04-12 13:43:01,211 - org.eclipse.mylyn.tasks.index.ui - 3.21.0.v20160630-2019
2017-04-12 13:43:01,212 - org.eclipse.mylyn.tasks.search - 3.21.0.v20160630-2019
2017-04-12 13:43:01,212 - org.eclipse.mylyn.tasks.ui - 3.21.0.v20160913-2131
2017-04-12 13:43:01,215 - org.eclipse.egit.core - 4.4.1.201607150455-r
2017-04-12 13:43:01,216 - org.eclipse.egit.ui - 4.4.1.201607150455-r
2017-04-12 13:43:01,216 - org.eclipse.egit - 4.4.1.201607150455-r
2017-04-12 13:43:01,216 - org.eclipse.egit.doc - 4.4.1.201607150455-r
2017-04-12 13:43:01,218 - org.eclipse.aether.maven - 3.1.0.v20140706-2237
2017-04-12 13:43:01,220 - org.eclipse.gef - 3.11.0.201606061308
2017-04-12 13:43:01,223 - org.eclipse.mylyn.commons.identity.core - 1.13.0.v20160630-1702
2017-04-12 13:43:01,225 - org.eclipse.oomph.p2 - 1.6.0.v20161019-0656
2017-04-12 13:43:01,226 - org.eclipse.oomph.p2.core - 1.6.0.v20161111-1110
2017-04-12 13:43:01,226 - org.eclipse.oomph.p2.edit - 1.6.0.v20161019-0656
2017-04-12 13:43:01,227 - org.eclipse.oomph.p2.ui - 1.6.0.v20161128-0924
2017-04-12 13:43:01,227 - org.eclipse.oomph.p2.doc - 1.6.0.v20161019-0656
2017-04-12 13:43:01,230 - org.eclipse.datatools.enablement.sqlite - 1.1.0.201603142002
2017-04-12 13:43:01,231 - org.eclipse.datatools.enablement.sqlite.dbdefinition - 1.1.0.201603142002
2017-04-12 13:43:01,232 - org.eclipse.datatools.enablement.sqlite.ui - 1.1.0.201603142002
2017-04-12 13:43:01,232 - org.eclipse.datatools.enablement.finfo - 1.6.0.201603142002
2017-04-12 13:43:01,233 - org.eclipse.emf.codegen.ui - 2.6.0.v20160526-0356
2017-04-12 13:43:01,236 - org.eclipse.mylyn.commons.notifications.core - 1.13.0.v20160630-1702
2017-04-12 13:43:01,236 - org.eclipse.mylyn.commons.notifications.feed - 1.13.0.v20160721-2347
2017-04-12 13:43:01,236 - org.eclipse.mylyn.commons.notifications.ui - 1.13.0.v20160630-1702
2017-04-12 13:43:01,239 - org.eclipse.emf.converter - 2.7.0.v20160526-0356
2017-04-12 13:43:01,239 - org.eclipse.emf.importer - 2.9.0.v20160526-0356
2017-04-12 13:43:01,240 - org.eclipse.emf.exporter - 2.7.0.v20160526-0356
2017-04-12 13:43:01,241 - org.eclipse.emf.importer.ecore - 2.8.0.v20160526-0356
2017-04-12 13:43:01,242 - org.eclipse.emf.importer.java - 2.7.0.v20160526-0356
2017-04-12 13:43:01,243 - org.eclipse.emf.importer.rose - 2.8.0.v20160526-0356
2017-04-12 13:43:01,245 - org.eclipse.emf.edit.ui - 2.12.0.v20160526-0356
2017-04-12 13:43:01,247 - org.eclipse.help - 3.7.0.v20160602-1307
2017-04-12 13:43:01,248 - org.eclipse.ui - 3.108.1.v20160929-1045
2017-04-12 13:43:01,248 - org.eclipse.ui.workbench - 3.108.2.v20161025-2029
2017-04-12 13:43:01,249 - org.eclipse.update.configurator - 3.3.400.v20160506-0750
2017-04-12 13:43:01,249 - org.eclipse.rcp - 4.6.2.v20161124-1400
2017-04-12 13:43:01,251 - org.eclipse.recommenders.rcp - 2.4.5.v20161130-1427
2017-04-12 13:43:01,252 - org.eclipse.recommenders.apidocs - 2.4.5.v20161130-1427
2017-04-12 13:43:01,252 - org.eclipse.recommenders.apidocs.rcp - 2.4.5.v20161130-1427
2017-04-12 13:43:01,253 - org.eclipse.recommenders.calls - 2.4.5.v20161130-1427
2017-04-12 13:43:01,254 - org.eclipse.recommenders.calls.rcp - 2.4.5.v20161130-1427
2017-04-12 13:43:01,254 - org.eclipse.recommenders.chain.rcp - 2.4.5.v20161130-1427
2017-04-12 13:43:01,255 - org.eclipse.recommenders.completion.rcp - 2.4.5.v20161130-1427
2017-04-12 13:43:01,256 - org.eclipse.recommenders.constructors - 2.4.5.v20161130-1427
2017-04-12 13:43:01,256 - org.eclipse.recommenders.constructors.rcp - 2.4.5.v20161130-1427
2017-04-12 13:43:01,257 - org.eclipse.recommenders.coordinates - 2.4.5.v20161130-1427
2017-04-12 13:43:01,257 - org.eclipse.recommenders.coordinates.rcp - 2.4.5.v20161130-1427
2017-04-12 13:43:01,258 - org.eclipse.recommenders.injection - 2.4.5.v20161130-1427
2017-04-12 13:43:01,258 - org.eclipse.recommenders.jayes - 2.4.5.v20161130-1427
2017-04-12 13:43:01,259 - org.eclipse.recommenders.jayes.io - 2.4.5.v20161130-1427
2017-04-12 13:43:01,259 - org.eclipse.recommenders.jdt - 2.4.5.v20161130-1427
2017-04-12 13:43:01,260 - org.eclipse.recommenders.models - 2.4.5.v20161130-1427
2017-04-12 13:43:01,260 - org.eclipse.recommenders.models.rcp - 2.4.5.v20161130-1427
2017-04-12 13:43:01,261 - org.eclipse.recommenders.net - 2.4.5.v20161130-1427
2017-04-12 13:43:01,262 - org.eclipse.recommenders.overrides - 2.4.5.v20161130-1427
2017-04-12 13:43:01,262 - org.eclipse.recommenders.overrides.rcp - 2.4.5.v20161130-1427
2017-04-12 13:43:01,263 - org.eclipse.recommenders.subwords.rcp - 2.4.5.v20161130-1427
2017-04-12 13:43:01,264 - org.eclipse.recommenders.types.rcp - 2.4.5.v20161130-1427
2017-04-12 13:43:01,264 - org.eclipse.recommenders.utils - 2.4.5.v20161130-1427
2017-04-12 13:43:01,265 - org.eclipse.recommenders.utils.rcp - 2.4.5.v20161130-1427
2017-04-12 13:43:01,268 - org.eclipse.mylyn.commons.repositories.http.core - 1.13.0.v20160630-1702
2017-04-12 13:43:01,270 - org.eclipse.datatools.connectivity.oda.design.ui - 3.3.0.201603142002
2017-04-12 13:43:01,270 - org.eclipse.datatools.connectivity.ui.dse - 1.2.0.201603142002
2017-04-12 13:43:01,271 - org.eclipse.datatools.connectivity.ui - 1.3.0.201603142002
2017-04-12 13:43:01,272 - org.eclipse.datatools.connectivity.sqm.core - 1.3.0.201603142002
2017-04-12 13:43:01,272 - org.eclipse.datatools.help - 1.6.0.201603142002
2017-04-12 13:43:01,275 - org.eclipse.jdt - 3.12.2.v20161124-1400
2017-04-12 13:43:01,275 - org.eclipse.ant.ui - 3.6.201.v20161115-1135
2017-04-12 13:43:01,276 - org.eclipse.jdt.apt.core - 3.4.100.v20160525-0952
2017-04-12 13:43:01,277 - org.eclipse.jdt.apt.ui - 3.4.100.v20160418-1457
2017-04-12 13:43:01,277 - org.eclipse.jdt.apt.pluggable.core - 1.1.100.v20160418-1457
2017-04-12 13:43:01,278 - org.eclipse.jdt.compiler.apt - 1.2.100.v20160418-1457
2017-04-12 13:43:01,278 - org.eclipse.jdt.compiler.tool - 1.1.100.v20160418-1457
2017-04-12 13:43:01,278 - org.eclipse.jdt.core - 3.12.2.v20161117-1814
2017-04-12 13:43:01,279 - org.eclipse.jdt.annotation - 2.1.0.v20160418-1457
2017-04-12 13:43:01,279 - org.eclipse.jdt.annotation - 2.1.0.v20160418-1457
2017-04-12 13:43:01,279 - org.eclipse.jdt.core.manipulation - 1.7.0.v20160419-0705
2017-04-12 13:43:01,280 - org.eclipse.jdt.debug.ui - 3.7.201.v20160811-0450
2017-04-12 13:43:01,285 - org.eclipse.jdt.debug - 3.10.1.v20160811-0441
2017-04-12 13:43:01,286 - org.eclipse.jdt.junit - 3.9.0.v20160421-1701
2017-04-12 13:43:01,286 - org.eclipse.jdt.junit.core - 3.8.0.v20160421-1701
2017-04-12 13:43:01,287 - org.eclipse.jdt.junit.runtime - 3.4.600.v20160505-0715
2017-04-12 13:43:01,288 - org.eclipse.jdt.junit4.runtime - 1.1.600.v20160505-0715
2017-04-12 13:43:01,288 - org.eclipse.jdt.launching - 3.8.101.v20161111-2014
2017-04-12 13:43:01,290 - org.eclipse.jdt.ui - 3.12.2.v20160929-0804
2017-04-12 13:43:01,292 - org.junit - 4.12.0.v201504281640
2017-04-12 13:43:01,292 - org.hamcrest.core - 1.3.0.v201303031735
2017-04-12 13:43:01,293 - org.eclipse.jdt.doc.user - 3.12.1.v20160727-2009
2017-04-12 13:43:01,294 - org.eclipse.ant.launching - 1.1.201.v20161115-1135
2017-04-12 13:43:01,296 - org.eclipse.emf.common - 2.12.0.v20160420-0247
2017-04-12 13:43:01,298 - org.eclipse.sequoyah.vnc.vncviewer.vncviews - 2.1.0.N20120718-0509
2017-04-12 13:43:01,300 - org.eclipse.egit.mylyn.ui - 4.4.1.201607150455-r
2017-04-12 13:43:01,343 - org.eclipse.datatools.sqltools.common.ui - 1.1.0.201603142002
2017-04-12 13:43:01,344 - org.eclipse.datatools.sqltools.debugger.core - 1.1.0.201603142002
2017-04-12 13:43:01,345 - org.eclipse.datatools.sqltools.editor.core - 1.1.0.201603142002
2017-04-12 13:43:01,345 - org.eclipse.datatools.sqltools.plan - 1.1.0.201603142002
2017-04-12 13:43:01,346 - org.eclipse.datatools.sqltools.routineeditor - 1.1.0.201603142002
2017-04-12 13:43:01,347 - org.eclipse.datatools.sqltools.sql - 1.1.0.201603142002
2017-04-12 13:43:01,348 - org.eclipse.datatools.sqltools.sqleditor - 1.1.0.201603142002
2017-04-12 13:43:01,349 - org.eclipse.datatools.sqltools.sqlscrapbook - 1.1.0.201603142002
2017-04-12 13:43:01,349 - org.eclipse.datatools.help - 1.6.0.201603142002
2017-04-12 13:43:01,349 - org.eclipse.datatools.sqltools.db.generic - 1.1.0.201603142002
2017-04-12 13:43:01,351 - org.eclipse.datatools.sqltools.debugger.core.ui - 1.1.0.201603142002
2017-04-12 13:43:01,352 - org.eclipse.datatools.sqltools.editor.core.ui - 1.1.0.201603142002
2017-04-12 13:43:01,352 - org.eclipse.datatools.sqltools.result.ui - 1.2.0.201603142002
2017-04-12 13:43:01,353 - org.eclipse.datatools.sqltools.routineeditor.ui - 1.1.0.201603142002
2017-04-12 13:43:01,355 - org.eclipse.datatools.sqltools.sql.ui - 1.1.0.201603142002
2017-04-12 13:43:01,359 - org.objectweb.asm - 5.0.1.v201404251740
2017-04-12 13:43:01,359 - org.eclipse.andmore - 0.5.0.201605181018
2017-04-12 13:43:01,359 - org.eclipse.andmore.base - 0.5.0.201605181018
2017-04-12 13:43:01,360 - org.eclipse.andmore.ddms - 0.5.0.201605181018
2017-04-12 13:43:01,361 - org.eclipse.andmore.overlay - 0.5.0.201605181018
2017-04-12 13:43:01,362 - org.apache.commons.codec - 1.6.0.v201305230611
2017-04-12 13:43:01,364 - org.apache.commons.compress - 1.6.0.v201310281400
2017-04-12 13:43:01,364 - org.apache.httpcomponents.httpclient - 4.3.6.v201511171540
2017-04-12 13:43:01,365 - org.apache.httpcomponents.httpcore - 4.3.3.v201411290715
2017-04-12 13:43:01,368 - org.eclipse.datatools.modelbase.dbdefinition - 1.1.0.201603142002
2017-04-12 13:43:01,369 - org.eclipse.datatools.modelbase.sql.edit - 1.1.0.201603142002
2017-04-12 13:43:01,371 - org.eclipse.datatools.modelbase.sql.query - 1.2.0.201603142002
2017-04-12 13:43:01,372 - org.eclipse.datatools.modelbase.sql.query.edit - 1.1.0.201603142002
2017-04-12 13:43:01,373 - org.eclipse.datatools.modelbase.sql.xml.query - 1.1.0.201603142002
2017-04-12 13:43:01,373 - org.eclipse.datatools.modelbase.sql - 1.1.0.201603142002
2017-04-12 13:43:01,380 - org.eclipse.emf.mapping - 2.9.0.v20160526-0356
2017-04-12 13:43:01,382 - org.eclipse.oomph.setup.editor - 1.6.0.v20161125-1207
2017-04-12 13:43:01,383 - org.eclipse.oomph.setup.ui - 1.6.0.v20161128-0851
2017-04-12 13:43:01,383 - org.eclipse.oomph.setup.doc - 1.6.0.v20161019-0656
2017-04-12 13:43:01,384 - org.eclipse.oomph.setup.ui.questionnaire - 1.6.0.v20161019-0656
2017-04-12 13:43:01,384 - org.eclipse.oomph.jreinfo.ui - 1.6.0.v20161019-0656
2017-04-12 13:43:01,388 - org.eclipse.emf.ecore - 2.12.0.v20160420-0247
2017-04-12 13:43:01,389 - org.eclipse.emf.ecore.change - 2.11.0.v20160420-0247
2017-04-12 13:43:01,390 - org.eclipse.emf.ecore.xmi - 2.12.0.v20160420-0247
2017-04-12 13:43:01,392 - org.eclipse.jgit - 4.4.1.201607150455-r
2017-04-12 13:43:01,393 - org.eclipse.jgit.archive - 4.4.1.201607150455-r
2017-04-12 13:43:01,393 - com.jcraft.jsch - 0.1.53.v201508180515
2017-04-12 13:43:01,394 - javaewah - 0.7.9.v201605172130
2017-04-12 13:43:01,394 - org.apache.commons.compress - 1.6.0.v201310281400
2017-04-12 13:43:01,395 - org.slf4j.api - 1.7.2.v20121108-1250
2017-04-12 13:43:01,395 - org.slf4j.impl.log4j12 - 1.7.2.v20131105-2200
2017-04-12 13:43:01,395 - org.apache.log4j - 1.2.15.v201012070815
2017-04-12 13:43:01,397 - org.eclipse.mylyn.wikitext.core - 2.10.1.v20161129-1925
2017-04-12 13:43:01,398 - org.eclipse.mylyn.wikitext.core.ant - 2.10.1.v20161129-1925
2017-04-12 13:43:01,399 - org.eclipse.mylyn.wikitext.core.osgi - 2.10.1.v20161129-1925
2017-04-12 13:43:01,399 - org.eclipse.mylyn.wikitext.textile.core - 2.10.1.v20161129-1925
2017-04-12 13:43:01,400 - org.eclipse.mylyn.wikitext.html.core - 2.10.1.v20161129-1925
2017-04-12 13:43:01,408 - org.eclipse.mylyn.wikitext.markdown.core - 2.10.1.v20161129-1925
2017-04-12 13:43:01,409 - org.eclipse.mylyn.wikitext.mediawiki.core - 2.10.1.v20161129-1925
2017-04-12 13:43:01,410 - org.eclipse.mylyn.wikitext.mediawiki.core.ant - 2.10.1.v20161129-1925
2017-04-12 13:43:01,410 - org.eclipse.mylyn.wikitext.confluence.core - 2.10.1.v20161129-1925
2017-04-12 13:43:01,411 - org.eclipse.mylyn.wikitext.tracwiki.core - 2.10.1.v20161129-1925
2017-04-12 13:43:01,411 - org.eclipse.mylyn.wikitext.twiki.core - 2.10.1.v20161129-1925
2017-04-12 13:43:01,412 - org.eclipse.mylyn.wikitext.ui - 2.10.1.v20161129-1925
2017-04-12 13:43:01,412 - org.eclipse.mylyn.wikitext.help.ui - 2.10.1.v20161129-1925
2017-04-12 13:43:01,413 - org.eclipse.mylyn.wikitext.textile.ui - 2.10.1.v20161129-1925
2017-04-12 13:43:01,413 - org.eclipse.mylyn.wikitext.markdown.ui - 2.10.1.v20161129-1925
2017-04-12 13:43:01,414 - org.eclipse.mylyn.wikitext.mediawiki.ui - 2.10.1.v20161129-1925
2017-04-12 13:43:01,414 - org.eclipse.mylyn.wikitext.confluence.ui - 2.10.1.v20161129-1925
2017-04-12 13:43:01,415 - org.eclipse.mylyn.wikitext.tracwiki.ui - 2.10.1.v20161129-1925
2017-04-12 13:43:01,415 - org.eclipse.mylyn.wikitext.twiki.ui - 2.10.1.v20161129-1925
2017-04-12 13:43:01,416 - org.eclipse.mylyn.wikitext.tasks.ui - 2.10.1.v20161129-1925
2017-04-12 13:43:01,417 - org.eclipse.mylyn.wikitext.context.ui - 2.10.1.v20161129-1925
2017-04-12 13:43:01,417 - org.eclipse.mylyn.wikitext.asciidoc.core - 2.10.1.v20161129-1925
2017-04-12 13:43:01,418 - org.eclipse.mylyn.wikitext.asciidoc.ui - 2.10.1.v20161129-1925
2017-04-12 13:43:01,420 - org.eclipse.emf.mapping.ecore.editor - 2.6.0.v20160526-0356
2017-04-12 13:43:01,421 - org.eclipse.emf.mapping.ecore2ecore.editor - 2.7.0.v20160526-0356
2017-04-12 13:43:01,421 - org.eclipse.emf.mapping.ecore2xml.ui - 2.8.0.v20160526-0356
2017-04-12 13:43:01,423 - org.eclipse.recommenders.mylyn.rcp - 2.4.5.v20161130-1427
2017-04-12 13:43:01,438 - org.apache.ant - 1.9.6.v201510161327
2017-04-12 13:43:01,438 - org.eclipse.ant.core - 3.4.100.v20160505-0642
2017-04-12 13:43:01,438 - com.jcraft.jsch - 0.1.53.v201508180515
2017-04-12 13:43:01,439 - org.eclipse.compare.core - 3.6.0.v20160418-1534
2017-04-12 13:43:01,439 - org.eclipse.compare - 3.7.0.v20161024-1724
2017-04-12 13:43:01,440 - org.eclipse.core.filebuffers - 3.6.0.v20160503-1849
2017-04-12 13:43:01,440 - org.eclipse.core.filesystem - 1.6.1.v20161113-2349
2017-04-12 13:43:01,441 - org.eclipse.core.net - 1.3.0.v20160418-1534
2017-04-12 13:43:01,441 - org.eclipse.core.net.linux.x86_64 - 1.2.0.v20160323-1650
2017-04-12 13:43:01,441 - org.eclipse.core.resources - 3.11.1.v20161107-2032
2017-04-12 13:43:01,442 - org.eclipse.osgi.util - 3.3.100.v20150423-1351
2017-04-12 13:43:01,442 - org.eclipse.debug.core - 3.10.100.v20160419-1720
2017-04-12 13:43:01,443 - org.eclipse.debug.ui - 3.11.202.v20161114-0338
2017-04-12 13:43:01,443 - org.eclipse.equinox.event - 1.3.200.v20160324-1850
2017-04-12 13:43:01,444 - org.eclipse.ltk.core.refactoring - 3.7.0.v20160419-0705
2017-04-12 13:43:01,444 - org.eclipse.ltk.ui.refactoring - 3.8.0.v20160518-1817
2017-04-12 13:43:01,444 - org.eclipse.platform - 4.6.2.v20161124-1400
2017-04-12 13:43:01,445 - org.eclipse.platform.doc.user - 4.6.1.v20160727-2009
2017-04-12 13:43:01,445 - org.eclipse.search - 3.11.1.v20161113-1700
2017-04-12 13:43:01,446 - org.eclipse.team.core - 3.8.0.v20160418-1534
2017-04-12 13:43:01,446 - org.eclipse.team.ui - 3.8.0.v20160518-1906
2017-04-12 13:43:01,446 - org.eclipse.text - 3.6.0.v20160503-1849
2017-04-12 13:43:01,447 - org.eclipse.jface.text - 3.11.2.v20161113-1700
2017-04-12 13:43:01,447 - org.eclipse.jsch.core - 1.3.0.v20160422-1917
2017-04-12 13:43:01,448 - org.eclipse.jsch.ui - 1.3.0.v20160323-1650
2017-04-12 13:43:01,448 - org.eclipse.ui.console - 3.6.201.v20161107-0337
2017-04-12 13:43:01,449 - org.eclipse.ui.intro - 3.5.2.v20161116-1147
2017-04-12 13:43:01,449 - org.eclipse.ui.intro.universal - 3.3.1.v20160829-1558
2017-04-12 13:43:01,449 - org.eclipse.ui.cheatsheets - 3.5.0.v20160504-0839
2017-04-12 13:43:01,450 - org.eclipse.ui.browser - 3.5.2.v20161114-0210
2017-04-12 13:43:01,450 - org.eclipse.ui.monitoring - 1.1.1.v20161028-1850
2017-04-12 13:43:01,450 - org.eclipse.ui.navigator - 3.6.101.v20161006-1120
2017-04-12 13:43:01,451 - org.eclipse.ui.navigator.resources - 3.5.101.v20161006-0640
2017-04-12 13:43:01,451 - org.eclipse.ui.net - 1.3.0.v20160426-1633
2017-04-12 13:43:01,452 - org.eclipse.ui.workbench.texteditor - 3.10.1.v20160818-1626
2017-04-12 13:43:01,452 - org.eclipse.ui.views - 3.8.101.v20160816-1954
2017-04-12 13:43:01,452 - org.eclipse.ui.editors - 3.10.1.v20161106-1856
2017-04-12 13:43:01,453 - org.eclipse.ui.externaltools - 3.3.100.v20160518-1858
2017-04-12 13:43:01,453 - org.eclipse.ui.ide - 3.12.2.v20161115-1450
2017-04-12 13:43:01,454 - org.eclipse.ui.ide.application - 1.1.101.v20160829-0827
2017-04-12 13:43:01,454 - org.eclipse.core.filesystem.linux.x86_64 - 1.2.200.v20140124-1940
2017-04-12 13:43:01,455 - org.eclipse.core.variables - 3.3.0.v20160419-1720
2017-04-12 13:43:01,455 - org.eclipse.ui.forms - 3.7.0.v20160518-1929
2017-04-12 13:43:01,456 - org.eclipse.ui.views.properties.tabbed - 3.7.0.v20160310-0903
2017-04-12 13:43:01,456 - org.eclipse.equinox.security - 1.2.200.v20150715-1528
2017-04-12 13:43:01,456 - org.eclipse.equinox.security.ui - 1.1.300.v20150803-1225
2017-04-12 13:43:01,457 - org.eclipse.core.externaltools - 1.0.400.v20160509-1057
2017-04-12 13:43:01,457 - org.eclipse.ui.themes - 1.1.300.v20161107-1827
2017-04-12 13:43:01,457 - org.eclipse.core.runtime - 3.12.0.v20160606-1342
2017-04-12 13:43:01,458 - org.eclipse.ui.intro.quicklinks - 1.0.0.v20160515-0255
2017-04-12 13:43:01,460 - org.eclipse.mylyn.discovery.core - 3.21.0.v20160729-1739
2017-04-12 13:43:01,461 - org.eclipse.mylyn.discovery.ui - 3.21.0.v20160630-1702
2017-04-12 13:43:01,463 - org.eclipse.emf.ecore.edit - 2.9.0.v20160526-0356
2017-04-12 13:43:01,464 - org.eclipse.emf.ecore.change.edit - 2.6.0.v20160526-0356
2017-04-12 13:43:01,466 - org.eclipse.sequoyah.vnc.protocol - 2.1.0.N20120718-0509
2017-04-12 13:43:01,467 - org.eclipse.mylyn.versions.core - 1.13.0.v20160630-2022
2017-04-12 13:43:01,468 - org.eclipse.mylyn.versions.ui - 1.13.0.v20160630-2022
2017-04-12 13:43:01,470 - org.eclipse.emf.mapping.ecore - 2.6.0.v20160526-0356
2017-04-12 13:43:01,471 - org.eclipse.emf.mapping.ecore2ecore - 2.9.0.v20160526-0356
2017-04-12 13:43:01,472 - org.eclipse.emf.mapping.ecore2xml - 2.9.0.v20160526-0356
2017-04-12 13:43:01,474 - org.eclipse.andmore.traceview - 0.5.0.201605181018
2017-04-12 13:43:01,476 - org.eclipse.sequoyah.localization.android - 2.1.0.N20120718-0509
2017-04-12 13:43:01,476 - org.eclipse.sequoyah.localization.android.help - 2.1.1.N20120718-0509
2017-04-12 13:43:01,478 - org.eclipse.m2e.logback.configuration - 1.7.0.20160603-1933
2017-04-12 13:43:01,479 - org.eclipse.m2e.logback.appender - 1.7.0.20160603-1933
2017-04-12 13:43:01,481 - org.eclipse.emf.codegen - 2.11.0.v20160526-0356
2017-04-12 13:43:01,483 - org.eclipse.wst.dtd.ui - 1.0.801.v201308100602
2017-04-12 13:43:01,484 - org.eclipse.wst.dtd.ui.infopop - 1.0.400.v201309112106
2017-04-12 13:43:01,484 - org.eclipse.wst.sse.ui.infopop - 1.0.300.v201309112106
2017-04-12 13:43:01,485 - org.eclipse.wst.xml.ui.infopop - 1.0.400.v201309112106
2017-04-12 13:43:01,485 - org.eclipse.wst.sse.ui - 1.3.500.v201605120129
2017-04-12 13:43:01,485 - org.eclipse.wst.xml.ui - 1.1.700.v201604272318
2017-04-12 13:43:01,487 - org.eclipse.wst.xsd.ui - 1.2.600.v201511240159
2017-04-12 13:43:01,490 - org.eclipse.emf - 2.6.0.v20160526-0356
2017-04-12 13:43:01,492 - org.eclipse.datatools.doc.user - 1.7.0.20090521092446
2017-04-12 13:43:01,492 - org.eclipse.datatools.oda.cshelp - 1.2.0.201603142002
2017-04-12 13:43:01,492 - org.eclipse.datatools.help - 1.6.0.201603142002
2017-04-12 13:43:01,495 - org.eclipse.mylyn.tasks.bugs - 3.21.0.v20160929-1805
2017-04-12 13:43:01,495 - org.eclipse.mylyn.help.ui - 3.21.0.v20160913-2013
2017-04-12 13:43:01,497 - org.eclipse.draw2d - 3.10.100.201606061308
2017-04-12 13:43:01,499 - org.eclipse.emf.edit - 2.12.0.v20160526-0356
2017-04-12 13:43:01,501 - org.eclipse.mylyn.commons.core - 3.21.0.v20160707-1856
2017-04-12 13:43:01,501 - org.eclipse.mylyn.commons.screenshots - 3.21.0.v20160630-1702
2017-04-12 13:43:01,502 - org.eclipse.mylyn.commons.ui - 3.21.0.v20160630-1702
2017-04-12 13:43:01,502 - org.eclipse.mylyn.commons.workbench - 3.21.0.v20160630-1702
2017-04-12 13:43:01,505 - org.eclipse.mylyn.bugzilla.ide - 3.21.0.v20160912-1820
2017-04-12 13:43:01,505 - org.eclipse.mylyn.ide.ui - 3.21.0.v20160701-1337
2017-04-12 13:43:01,507 - org.eclipse.emf.databinding.edit - 1.3.0.v20160526-0356
2017-04-12 13:43:01,509 - org.eclipse.emf.codegen.ecore - 2.12.0.v20160526-0356
2017-04-12 13:43:01,510 - org.eclipse.emf.ant - 2.8.0.v20160526-0356
2017-04-12 13:43:01,519 - org.eclipse.m2e.archetype.common - 1.7.0.20160603-1931
2017-04-12 13:43:01,523 - org.eclipse.m2e.maven.indexer - 1.7.0.20160603-1931
2017-04-12 13:43:01,523 - org.eclipse.m2e.model.edit - 1.7.0.20160603-1933
2017-04-12 13:43:01,523 - org.eclipse.m2e.core - 1.7.0.20160603-1933
2017-04-12 13:43:01,524 - org.eclipse.m2e.launching - 1.7.0.20160603-1933
2017-04-12 13:43:01,525 - org.eclipse.m2e.workspace.cli - 0.3.1
2017-04-12 13:43:01,526 - org.eclipse.m2e.jdt - 1.7.0.20160603-1933
2017-04-12 13:43:01,527 - org.eclipse.m2e.editor - 1.7.0.20160603-1933
2017-04-12 13:43:01,527 - org.eclipse.m2e.editor.xml - 1.7.0.20160603-1933
2017-04-12 13:43:01,547 - org.eclipse.m2e.maven.runtime - 1.7.0.20160603-1931
2017-04-12 13:43:01,549 - org.eclipse.m2e.maven.runtime.slf4j.simple - 1.7.0.20160603-1931
2017-04-12 13:43:01,549 - org.eclipse.m2e.refactoring - 1.7.0.20160603-1933
2017-04-12 13:43:01,550 - org.eclipse.m2e.lifecyclemapping.defaults - 1.7.0.20160603-1933
2017-04-12 13:43:01,550 - org.eclipse.m2e.discovery - 1.7.0.20160603-1933
2017-04-12 13:43:01,551 - org.eclipse.m2e.core.ui - 1.7.0.20160603-1933
2017-04-12 13:43:01,551 - org.eclipse.m2e.scm - 1.7.0.20160603-1933
2017-04-12 13:43:01,551 - org.eclipse.m2e.jdt.ui - 1.7.0.20160603-1933
2017-04-12 13:43:01,552 - org.eclipse.m2e.profiles.core - 1.7.0.20160603-1933
2017-04-12 13:43:01,553 - org.eclipse.m2e.profiles.ui - 1.7.0.20160603-1933
2017-04-12 13:43:01,553 - org.eclipse.m2e.importer - 1.7.0.20160603-1933
2017-04-12 13:43:01,555 - org.eclipse.andmore.ndk - 0.5.0.201605181018
2017-04-12 13:43:01,557 - org.eclipse.andmore.gldebugger - 0.5.0.201605181018
2017-04-12 13:43:01,559 - org.eclipse.mylyn.hudson.core - 1.13.0.v20160806-1446
2017-04-12 13:43:01,559 - org.eclipse.mylyn.hudson.ui - 1.13.0.v20160704-1634
2017-04-12 13:43:01,562 - org.eclipse.epp.mpc.core - 1.5.3.v20161116-1851
2017-04-12 13:43:01,562 - org.eclipse.epp.mpc.ui - 1.5.3.v20161116-1851
2017-04-12 13:43:01,562 - org.eclipse.epp.mpc.help.ui - 1.5.3.v20161116-1851
2017-04-12 13:43:01,562 - org.apache.httpcomponents.httpclient - 4.3.6.v201511171540
2017-04-12 13:43:01,562 - org.apache.httpcomponents.httpcore - 4.3.3.v201411290715
2017-04-12 13:43:01,565 - org.eclipse.mylyn.git.core - 1.13.0.v20160630-2022
2017-04-12 13:43:01,565 - org.eclipse.mylyn.git.ui - 1.13.0.v20160630-2022
2017-04-12 13:43:01,568 - org.eclipse.datatools.connectivity.oda.consumer - 3.3.0.201603142002
2017-04-12 13:43:01,568 - org.eclipse.datatools.connectivity.oda.design - 3.4.0.201603142002
2017-04-12 13:43:01,569 - org.eclipse.datatools.connectivity.oda.profile - 3.3.0.201603142002
2017-04-12 13:43:01,569 - org.eclipse.datatools.connectivity.oda - 3.5.0.201603142002
2017-04-12 13:43:01,569 - org.eclipse.datatools.connectivity - 1.13.0.201603142002
2017-04-12 13:43:01,571 - org.eclipse.andmore.android.certmanager - 0.5.0.201605181018
2017-04-12 13:43:01,573 - org.eclipse.recommenders.snipmatch - 2.4.5.v20161130-1427
2017-04-12 13:43:01,573 - org.eclipse.recommenders.snipmatch.rcp - 2.4.5.v20161130-1427
2017-04-12 13:43:01,575 - org.eclipse.cdt.gdb - 7.0.0.201606062011
2017-04-12 13:43:01,575 - org.eclipse.cdt.gdb.ui - 7.0.0.201606062011
2017-04-12 13:43:01,577 - org.eclipse.pde - 3.12.2.v20161124-1400
2017-04-12 13:43:01,579 - org.eclipse.pde.build - 3.9.200.v20160204-0642
2017-04-12 13:43:01,579 - org.eclipse.pde.core - 3.11.1.v20161115-1951
2017-04-12 13:43:01,580 - org.eclipse.pde.junit.runtime - 3.5.0.v20151013-0625
2017-04-12 13:43:01,580 - org.eclipse.pde.runtime - 3.5.0.v20160418-1724
2017-04-12 13:43:01,581 - org.eclipse.pde.ui - 3.9.100.v20161102-0517
2017-04-12 13:43:01,582 - org.eclipse.pde.doc.user - 3.12.2.v20161123-1159
2017-04-12 13:43:01,582 - org.eclipse.pde.ui.templates - 3.6.0.v20160424-1948
2017-04-12 13:43:01,583 - org.eclipse.ui.views.log - 1.2.1.v20160829-0826
2017-04-12 13:43:01,583 - org.objectweb.asm - 5.0.1.v201404251740
2017-04-12 13:43:01,583 - org.objectweb.asm.tree - 5.0.1.v201404251740
2017-04-12 13:43:01,584 - org.eclipse.pde.api.tools - 1.1.2.v20161115-0549
2017-04-12 13:43:01,585 - org.eclipse.pde.api.tools.annotations - 1.0.100.v20160418-1724
2017-04-12 13:43:01,585 - org.eclipse.pde.api.tools.ui - 1.1.0.v20160519-0701
2017-04-12 13:43:01,586 - org.eclipse.pde.ds.core - 1.1.0.v20151201-1325
2017-04-12 13:43:01,586 - org.eclipse.pde.ds.ui - 1.1.0.v20160518-1843
2017-04-12 13:43:01,587 - org.eclipse.pde.launching - 3.6.401.v20161115-0549
2017-04-12 13:43:01,587 - org.eclipse.pde.ua.core - 1.0.500.v20160204-0642
2017-04-12 13:43:01,588 - org.eclipse.pde.ua.ui - 1.1.0.v20160518-1843
2017-04-12 13:43:01,588 - org.eclipse.ui.trace - 1.0.400.v20160509-1055
2017-04-12 13:43:01,589 - org.eclipse.pde.ds.annotations - 1.0.0.v20160525-1437
2017-04-12 13:43:01,591 - org.eclipse.sequoyah.localization.tools - 2.1.0.N20120718-0509
2017-04-12 13:43:01,592 - org.eclipse.sequoyah.localization.editor - 2.1.0.N20120718-0509
2017-04-12 13:43:01,594 - net.sourceforge.lpg.lpgjavaruntime - 1.1.0.v201004271650
2017-04-12 13:43:01,595 - org.eclipse.datatools.sqltools.parsers.sql.lexer - 1.1.0.201603142002
2017-04-12 13:43:01,595 - org.eclipse.datatools.sqltools.parsers.sql.query - 1.3.0.201603142002
2017-04-12 13:43:01,596 - org.eclipse.datatools.sqltools.parsers.sql.xml.query - 1.1.0.201603142002
2017-04-12 13:43:01,596 - org.eclipse.datatools.sqltools.parsers.sql - 1.1.0.201603142002
2017-04-12 13:43:01,599 - org.eclipse.mylyn.java.ui - 3.21.0.v20160701-1337
2017-04-12 13:43:01,599 - org.eclipse.mylyn.java.tasks - 3.21.0.v20160701-1337
2017-04-12 13:43:01,599 - org.eclipse.mylyn.ide.ui - 3.21.0.v20160701-1337
2017-04-12 13:43:01,600 - org.eclipse.mylyn.ide.ant - 3.21.0.v20160701-1337
2017-04-12 13:43:01,600 - org.eclipse.mylyn.debug.ui - 3.21.0.v20160701-1337
2017-04-12 13:43:01,603 - org.eclipse.mylyn.team.ui - 3.21.0.v20160701-1337
2017-04-12 13:43:01,604 - org.eclipse.datatools.sqltools.sql - 1.1.0.201603142002
2017-04-12 13:43:01,604 - org.eclipse.datatools.sqltools.common.ui - 1.1.0.201603142002
2017-04-12 13:43:01,604 - org.eclipse.datatools.sqltools.plan - 1.1.0.201603142002
2017-04-12 13:43:01,604 - org.eclipse.datatools.sqltools.editor.core - 1.1.0.201603142002
2017-04-12 13:43:01,604 - org.eclipse.datatools.sqltools.sqleditor - 1.1.0.201603142002
2017-04-12 13:43:01,604 - org.eclipse.datatools.sqltools.ddlgen.ui - 1.1.0.201603142002
2017-04-12 13:43:01,605 - org.eclipse.datatools.connectivity.db.generic - 1.1.0.201603142002
2017-04-12 13:43:01,605 - org.eclipse.datatools.sqltools.editor.core.ui - 1.1.0.201603142002
2017-04-12 13:43:01,605 - org.eclipse.datatools.sqltools.sql.ui - 1.1.0.201603142002
2017-04-12 13:43:01,607 - org.eclipse.emf.common.ui - 2.11.0.v20160526-0356
2017-04-12 13:43:01,609 - org.eclipse.mylyn.commons.repositories.core - 1.13.0.v20160630-1702
2017-04-12 13:43:01,609 - org.eclipse.mylyn.commons.repositories.ui - 1.13.0.v20160630-1702
2017-04-12 13:43:01,611 - org.eclipse.sequoyah.device.common.utilities - 2.1.0.N20120718-0509
2017-04-12 13:43:01,613 - org.eclipse.andmore.android.common - 0.5.0.201605181018
2017-04-12 13:43:01,613 - org.eclipse.andmore.android.codeutils - 0.5.0.201605181018
2017-04-12 13:43:01,614 - org.eclipse.andmore.android.translation - 0.5.0.201605181018
2017-04-12 13:43:01,615 - org.eclipse.andmore.android.codesnippets - 0.5.0.201605181018
2017-04-12 13:43:01,615 - org.eclipse.andmore.android.db.core - 0.5.0.201605181018
2017-04-12 13:43:01,615 - org.eclipse.andmore.android.logger - 0.5.0.201605181018
2017-04-12 13:43:01,616 - org.eclipse.andmore.android - 0.5.0.201605181018
2017-04-12 13:43:01,617 - org.eclipse.andmore.android.emulator - 0.5.0.201605181018
2017-04-12 13:43:01,617 - org.eclipse.andmore.android.launch - 0.5.0.201605181018
2017-04-12 13:43:01,618 - org.eclipse.andmore.android.packaging.ui - 0.5.0.201605181018
2017-04-12 13:43:01,618 - org.eclipse.andmore.android.handset - 0.5.0.201605181018
2017-04-12 13:43:01,618 - org.eclipse.andmore.android.remote - 0.5.0.201605181018
2017-04-12 13:43:01,618 - org.eclipse.andmore.android.linux.x86_64 - 0.5.0.201605181018
2017-04-12 13:43:01,619 - org.eclipse.andmore.android.mat - 0.5.0.201605181018
2017-04-12 13:43:01,619 - org.eclipse.andmore.android.devices.services - 0.5.0.201605181018
2017-04-12 13:43:01,620 - org.eclipse.andmore.android.db.devices - 0.5.0.201605181018
2017-04-12 13:43:01,620 - org.eclipse.andmore.android.installer - 0.5.0.201605181018
2017-04-12 13:43:01,621 - org.eclipse.andmore.android.logger.collector - 0.5.0.201605181018
2017-04-12 13:43:01,622 - org.eclipse.emf.mapping.ui - 2.7.0.v20160526-0356
2017-04-12 13:43:01,624 - org.eclipse.mylyn.monitor.core - 3.21.0.v20160630-1702
2017-04-12 13:43:01,625 - org.eclipse.mylyn.monitor.ui - 3.21.0.v20160630-1702
2017-04-12 13:43:01,627 - org.eclipse.datatools.connectivity.oda.template.ui - 3.3.0.201603142002
2017-04-12 13:43:01,628 - org.eclipse.sequoyah.vnc.vncviewer - 2.1.0.N20120718-0509
2017-04-12 13:43:01,630 - org.eclipse.emf.codegen.ecore.ui - 2.12.0.v20160526-0356
2017-04-12 13:43:01,631 - org.eclipse.emf.ecore.editor - 2.12.0.v20160526-0356
2017-04-12 13:43:01,632 - org.eclipse.epp.package.android - 4.6.2.20161208-0625
2017-04-12 13:43:01,634 - org.eclipse.mylyn.builds.core - 1.13.0.v20160704-1634
2017-04-12 13:43:01,634 - org.eclipse.mylyn.builds.ui - 1.13.0.v20160725-1817
2017-04-12 13:43:01,636 - org.eclipse.mylyn.context.core - 3.21.0.v20160701-1337
2017-04-12 13:43:01,637 - org.eclipse.mylyn.context.ui - 3.21.0.v20160701-1337
2017-04-12 13:43:01,637 - org.eclipse.mylyn.resources.ui - 3.21.0.v20160701-1337
2017-04-12 13:43:01,638 - org.eclipse.mylyn.context.tasks.ui - 3.21.0.v20160815-2336
2017-04-12 13:43:01,639 - org.eclipse.emf.databinding - 1.3.0.v20160526-0356
2017-04-12 13:43:01,641 - org.eclipse.datatools.connectivity.sqm.core.ui - 1.3.0.201603142002
2017-04-12 13:43:01,641 - org.eclipse.datatools.connectivity.sqm.core - 1.3.0.201603142002
2017-04-12 13:43:01,642 - org.eclipse.datatools.connectivity.sqm.server.ui - 1.2.0.201603142002
2017-04-12 13:43:01,642 - org.eclipse.datatools.connectivity.ui.dse - 1.2.0.201603142002
2017-04-12 13:43:01,642 - org.eclipse.datatools.connectivity.ui - 1.3.0.201603142002
2017-04-12 13:43:01,642 - org.eclipse.datatools.connectivity - 1.13.0.201603142002
2017-04-12 13:43:01,642 - org.eclipse.datatools.help - 1.6.0.201603142002
2017-04-12 13:43:01,643 - org.eclipse.datatools.connectivity.console.profile - 1.1.0.201603142002
2017-04-12 13:43:01,644 - org.eclipse.oomph.setup - 1.6.0.v20161125-0947
2017-04-12 13:43:01,645 - org.eclipse.oomph.setup.edit - 1.6.0.v20161125-0947
2017-04-12 13:43:01,645 - org.eclipse.oomph.setup.core - 1.6.0.v20161128-0928
2017-04-12 13:43:01,645 - org.eclipse.oomph.setup.sync - 1.6.0.v20161019-0656
2017-04-12 13:43:01,646 - org.eclipse.oomph.setup.p2 - 1.6.0.v20161019-0656
2017-04-12 13:43:01,646 - org.eclipse.oomph.setup.p2.edit - 1.6.0.v20161019-0656
2017-04-12 13:43:01,646 - org.eclipse.oomph.preferences - 1.6.0.v20161019-0656
2017-04-12 13:43:01,647 - org.eclipse.oomph.jreinfo - 1.6.0.v20161019-0656
2017-04-12 13:43:01,648 - org.eclipse.oomph.extractor.lib - 1.3.0.v20161116-0647
2017-04-12 13:43:01,648 - org.apache.commons.logging - 1.1.1.v201101211721
2017-04-12 13:43:01,648 - org.apache.commons.codec - 1.6.0.v201305230611
2017-04-12 13:43:01,648 - org.apache.httpcomponents.httpclient - 4.3.6.v201511171540
2017-04-12 13:43:01,648 - org.apache.httpcomponents.httpcore - 4.3.3.v201411290715
2017-04-12 13:43:01,648 - org.eclipse.userstorage - 1.0.0.v20160524-0709
2017-04-12 13:43:01,648 - org.eclipse.userstorage.ui - 1.0.0.v20151216-0912
